{"/Users/sanchezjl/dev/phone-catalogue/src/App.js": {"path":"/Users/sanchezjl/dev/phone-catalogue/src/App.js","statementMap":{"0":{"start":{"line":15,"column":30},"end":{"line":17,"column":1}},"1":{"start":{"line":16,"column":2},"end":{"line":16,"column":46}},"2":{"start":{"line":18,"column":28},"end":{"line":20,"column":1}},"3":{"start":{"line":19,"column":2},"end":{"line":19,"column":44}},"4":{"start":{"line":23,"column":2},"end":{"line":25,"column":17}},"5":{"start":{"line":24,"column":4},"end":{"line":24,"column":28}},"6":{"start":{"line":27,"column":2},"end":{"line":42,"column":4}},"7":{"start":{"line":45,"column":24},"end":{"line":49,"column":2}},"8":{"start":{"line":45,"column":36},"end":{"line":49,"column":1}}},"fnMap":{"0":{"name":"(anonymous_0)","decl":{"start":{"line":15,"column":41},"end":{"line":15,"column":42}},"loc":{"start":{"line":16,"column":2},"end":{"line":16,"column":46}},"line":16},"1":{"name":"(anonymous_1)","decl":{"start":{"line":18,"column":39},"end":{"line":18,"column":40}},"loc":{"start":{"line":19,"column":2},"end":{"line":19,"column":44}},"line":19},"2":{"name":"App","decl":{"start":{"line":22,"column":9},"end":{"line":22,"column":12}},"loc":{"start":{"line":22,"column":27},"end":{"line":43,"column":1}},"line":22},"3":{"name":"(anonymous_3)","decl":{"start":{"line":23,"column":12},"end":{"line":23,"column":13}},"loc":{"start":{"line":23,"column":18},"end":{"line":25,"column":3}},"line":23},"4":{"name":"(anonymous_4)","decl":{"start":{"line":45,"column":24},"end":{"line":45,"column":25}},"loc":{"start":{"line":45,"column":36},"end":{"line":49,"column":1}},"line":45}},"branchMap":{},"s":{"0":1,"1":0,"2":1,"3":0,"4":0,"5":0,"6":0,"7":1,"8":1},"f":{"0":0,"1":0,"2":0,"3":0,"4":1},"b":{},"_coverageSchema":"43e27e138ebf9cfc5966b082cf9a028302ed4184","hash":"320119650bdcc836e695b984586fd697147e52bd"}
,"/Users/sanchezjl/dev/phone-catalogue/src/components/Filters/Filters.js": {"path":"/Users/sanchezjl/dev/phone-catalogue/src/components/Filters/Filters.js","statementMap":{"0":{"start":{"line":7,"column":2},"end":{"line":11,"column":4}},"1":{"start":{"line":14,"column":0},"end":{"line":16,"column":2}}},"fnMap":{"0":{"name":"Filters","decl":{"start":{"line":6,"column":24},"end":{"line":6,"column":31}},"loc":{"start":{"line":6,"column":53},"end":{"line":12,"column":1}},"line":6}},"branchMap":{},"s":{"0":2,"1":2},"f":{"0":2},"b":{},"_coverageSchema":"43e27e138ebf9cfc5966b082cf9a028302ed4184","hash":"0dfc5b74edb0d5583a65c3d677d17baf97d1860c"}
,"/Users/sanchezjl/dev/phone-catalogue/src/components/Filters/ManufacturerSelect/ManufacturerSelect.js": {"path":"/Users/sanchezjl/dev/phone-catalogue/src/components/Filters/ManufacturerSelect/ManufacturerSelect.js","statementMap":{"0":{"start":{"line":8,"column":28},"end":{"line":8,"column":36}},"1":{"start":{"line":9,"column":4},"end":{"line":9,"column":44}},"2":{"start":{"line":12,"column":2},"end":{"line":24,"column":4}},"3":{"start":{"line":19,"column":8},"end":{"line":21,"column":17}},"4":{"start":{"line":27,"column":0},"end":{"line":29,"column":2}}},"fnMap":{"0":{"name":"ManufacturerSelect","decl":{"start":{"line":6,"column":24},"end":{"line":6,"column":42}},"loc":{"start":{"line":6,"column":69},"end":{"line":25,"column":1}},"line":6},"1":{"name":"handleManufacturerChange","decl":{"start":{"line":7,"column":11},"end":{"line":7,"column":35}},"loc":{"start":{"line":7,"column":39},"end":{"line":10,"column":3}},"line":7},"2":{"name":"(anonymous_2)","decl":{"start":{"line":18,"column":38},"end":{"line":18,"column":39}},"loc":{"start":{"line":19,"column":8},"end":{"line":21,"column":17}},"line":19}},"branchMap":{},"s":{"0":1,"1":1,"2":2,"3":16,"4":3},"f":{"0":2,"1":1,"2":16},"b":{},"_coverageSchema":"43e27e138ebf9cfc5966b082cf9a028302ed4184","hash":"ea374837c48343aefce1b2740beacdaf01feaad5"}
,"/Users/sanchezjl/dev/phone-catalogue/src/components/Header/Header.js": {"path":"/Users/sanchezjl/dev/phone-catalogue/src/components/Header/Header.js","statementMap":{"0":{"start":{"line":4,"column":2},"end":{"line":13,"column":4}}},"fnMap":{"0":{"name":"Header","decl":{"start":{"line":3,"column":24},"end":{"line":3,"column":30}},"loc":{"start":{"line":3,"column":33},"end":{"line":14,"column":1}},"line":3}},"branchMap":{},"s":{"0":1},"f":{"0":1},"b":{},"_coverageSchema":"43e27e138ebf9cfc5966b082cf9a028302ed4184","hash":"bd227becb95e989769ab5b51cab2080e24f2ef89"}
,"/Users/sanchezjl/dev/phone-catalogue/src/components/PhoneDetailsContainer/PhoneDetailsContainer.js": {"path":"/Users/sanchezjl/dev/phone-catalogue/src/components/PhoneDetailsContainer/PhoneDetailsContainer.js","statementMap":{"0":{"start":{"line":8,"column":2},"end":{"line":8,"column":63}},"1":{"start":{"line":11,"column":24},"end":{"line":16,"column":2}},"2":{"start":{"line":11,"column":46},"end":{"line":16,"column":1}},"3":{"start":{"line":13,"column":15},"end":{"line":13,"column":63}}},"fnMap":{"0":{"name":"PhoneDetailsContainer","decl":{"start":{"line":7,"column":9},"end":{"line":7,"column":30}},"loc":{"start":{"line":7,"column":42},"end":{"line":9,"column":1}},"line":7},"1":{"name":"(anonymous_1)","decl":{"start":{"line":11,"column":24},"end":{"line":11,"column":25}},"loc":{"start":{"line":11,"column":46},"end":{"line":16,"column":1}},"line":11},"2":{"name":"(anonymous_2)","decl":{"start":{"line":13,"column":4},"end":{"line":13,"column":5}},"loc":{"start":{"line":13,"column":15},"end":{"line":13,"column":63}},"line":13}},"branchMap":{"0":{"loc":{"start":{"line":8,"column":9},"end":{"line":8,"column":62}},"type":"cond-expr","locations":[{"start":{"line":8,"column":18},"end":{"line":8,"column":29}},{"start":{"line":8,"column":32},"end":{"line":8,"column":62}}],"line":8}},"s":{"0":2,"1":1,"2":2,"3":10},"f":{"0":2,"1":2,"2":10},"b":{"0":[1,1]},"_coverageSchema":"43e27e138ebf9cfc5966b082cf9a028302ed4184","hash":"2422d03aa56dc632704efdbb791ae19c913b9fe6"}
,"/Users/sanchezjl/dev/phone-catalogue/src/components/PhoneDetailsContainer/PhoneDetails/PhoneDetails.js": {"path":"/Users/sanchezjl/dev/phone-catalogue/src/components/PhoneDetailsContainer/PhoneDetails/PhoneDetails.js","statementMap":{"0":{"start":{"line":12,"column":2},"end":{"line":24,"column":4}},"1":{"start":{"line":27,"column":0},"end":{"line":29,"column":2}}},"fnMap":{"0":{"name":"PhoneDetails","decl":{"start":{"line":11,"column":9},"end":{"line":11,"column":21}},"loc":{"start":{"line":11,"column":33},"end":{"line":25,"column":1}},"line":11}},"branchMap":{},"s":{"0":1,"1":1},"f":{"0":1},"b":{},"_coverageSchema":"43e27e138ebf9cfc5966b082cf9a028302ed4184","hash":"f5c8f7d6155145855f82f331dd0081d25cb9281b"}
,"/Users/sanchezjl/dev/phone-catalogue/src/components/PhoneDetailsContainer/PhoneDetails/PhoneGallery/PhoneGallery.js": {"path":"/Users/sanchezjl/dev/phone-catalogue/src/components/PhoneDetailsContainer/PhoneDetails/PhoneGallery/PhoneGallery.js","statementMap":{"0":{"start":{"line":5,"column":2},"end":{"line":16,"column":4}},"1":{"start":{"line":8,"column":8},"end":{"line":13,"column":10}},"2":{"start":{"line":19,"column":0},"end":{"line":22,"column":2}}},"fnMap":{"0":{"name":"PhoneGallery","decl":{"start":{"line":4,"column":24},"end":{"line":4,"column":36}},"loc":{"start":{"line":4,"column":44},"end":{"line":17,"column":1}},"line":4},"1":{"name":"(anonymous_1)","decl":{"start":{"line":7,"column":24},"end":{"line":7,"column":25}},"loc":{"start":{"line":8,"column":8},"end":{"line":13,"column":10}},"line":8}},"branchMap":{},"s":{"0":1,"1":1,"2":2},"f":{"0":1,"1":1},"b":{},"_coverageSchema":"43e27e138ebf9cfc5966b082cf9a028302ed4184","hash":"808fcb8fa1dee08c21e99fddd0aba45f22383fe5"}
,"/Users/sanchezjl/dev/phone-catalogue/src/components/PhoneDetailsContainer/PhoneDetails/PhoneInfo/PhoneInfo.js": {"path":"/Users/sanchezjl/dev/phone-catalogue/src/components/PhoneDetailsContainer/PhoneDetails/PhoneInfo/PhoneInfo.js","statementMap":{"0":{"start":{"line":8,"column":2},"end":{"line":23,"column":4}},"1":{"start":{"line":26,"column":0},"end":{"line":28,"column":2}}},"fnMap":{"0":{"name":"PhoneInfo","decl":{"start":{"line":7,"column":24},"end":{"line":7,"column":33}},"loc":{"start":{"line":7,"column":41},"end":{"line":24,"column":1}},"line":7}},"branchMap":{},"s":{"0":1,"1":2},"f":{"0":1},"b":{},"_coverageSchema":"43e27e138ebf9cfc5966b082cf9a028302ed4184","hash":"6f36fd7947c89f698b177c1e2211d459ac01967a"}
,"/Users/sanchezjl/dev/phone-catalogue/src/components/PhoneDetailsContainer/PhoneDetails/PhoneSpecs/PhoneSpecs.js": {"path":"/Users/sanchezjl/dev/phone-catalogue/src/components/PhoneDetailsContainer/PhoneDetails/PhoneSpecs/PhoneSpecs.js","statementMap":{"0":{"start":{"line":8,"column":2},"end":{"line":38,"column":4}},"1":{"start":{"line":41,"column":0},"end":{"line":43,"column":2}}},"fnMap":{"0":{"name":"PhoneSpecs","decl":{"start":{"line":7,"column":24},"end":{"line":7,"column":34}},"loc":{"start":{"line":7,"column":42},"end":{"line":39,"column":1}},"line":7}},"branchMap":{},"s":{"0":1,"1":2},"f":{"0":1},"b":{},"_coverageSchema":"43e27e138ebf9cfc5966b082cf9a028302ed4184","hash":"19b023ffeb6460bbeaa34665afb4cf0cdc469edc"}
,"/Users/sanchezjl/dev/phone-catalogue/src/components/PhonesListContainer/PhonesListContainer.js": {"path":"/Users/sanchezjl/dev/phone-catalogue/src/components/PhonesListContainer/PhonesListContainer.js","statementMap":{"0":{"start":{"line":8,"column":2},"end":{"line":8,"column":66}},"1":{"start":{"line":11,"column":24},"end":{"line":14,"column":2}},"2":{"start":{"line":11,"column":36},"end":{"line":14,"column":1}}},"fnMap":{"0":{"name":"PhonesListContainer","decl":{"start":{"line":7,"column":9},"end":{"line":7,"column":28}},"loc":{"start":{"line":7,"column":52},"end":{"line":9,"column":1}},"line":7},"1":{"name":"(anonymous_1)","decl":{"start":{"line":11,"column":24},"end":{"line":11,"column":25}},"loc":{"start":{"line":11,"column":36},"end":{"line":14,"column":1}},"line":11}},"branchMap":{"0":{"loc":{"start":{"line":8,"column":9},"end":{"line":8,"column":65}},"type":"cond-expr","locations":[{"start":{"line":8,"column":21},"end":{"line":8,"column":32}},{"start":{"line":8,"column":35},"end":{"line":8,"column":65}}],"line":8}},"s":{"0":2,"1":1,"2":2},"f":{"0":2,"1":2},"b":{"0":[1,1]},"_coverageSchema":"43e27e138ebf9cfc5966b082cf9a028302ed4184","hash":"5f843efdb00e3b6d18b6ce279790d412c0ef95d0"}
,"/Users/sanchezjl/dev/phone-catalogue/src/components/PhonesListContainer/PhonesList/PhonesList.js": {"path":"/Users/sanchezjl/dev/phone-catalogue/src/components/PhonesListContainer/PhonesList/PhonesList.js","statementMap":{"0":{"start":{"line":12,"column":46},"end":{"line":12,"column":62}},"1":{"start":{"line":15,"column":29},"end":{"line":15,"column":36}},"2":{"start":{"line":17,"column":6},"end":{"line":19,"column":71}},"3":{"start":{"line":19,"column":35},"end":{"line":19,"column":70}},"4":{"start":{"line":20,"column":4},"end":{"line":20,"column":38}},"5":{"start":{"line":23,"column":2},"end":{"line":34,"column":4}},"6":{"start":{"line":28,"column":10},"end":{"line":30,"column":17}},"7":{"start":{"line":37,"column":0},"end":{"line":39,"column":2}}},"fnMap":{"0":{"name":"PhonesList","decl":{"start":{"line":11,"column":24},"end":{"line":11,"column":34}},"loc":{"start":{"line":11,"column":47},"end":{"line":35,"column":1}},"line":11},"1":{"name":"handleFiltersChange","decl":{"start":{"line":14,"column":11},"end":{"line":14,"column":30}},"loc":{"start":{"line":14,"column":40},"end":{"line":21,"column":3}},"line":14},"2":{"name":"(anonymous_2)","decl":{"start":{"line":19,"column":24},"end":{"line":19,"column":25}},"loc":{"start":{"line":19,"column":35},"end":{"line":19,"column":70}},"line":19},"3":{"name":"(anonymous_3)","decl":{"start":{"line":27,"column":28},"end":{"line":27,"column":29}},"loc":{"start":{"line":28,"column":10},"end":{"line":30,"column":17}},"line":28}},"branchMap":{"0":{"loc":{"start":{"line":17,"column":6},"end":{"line":19,"column":71}},"type":"cond-expr","locations":[{"start":{"line":18,"column":10},"end":{"line":18,"column":16}},{"start":{"line":19,"column":10},"end":{"line":19,"column":71}}],"line":17}},"s":{"0":5,"1":2,"2":2,"3":8,"4":2,"5":5,"6":33,"7":1},"f":{"0":5,"1":2,"2":8,"3":33},"b":{"0":[1,1]},"_coverageSchema":"43e27e138ebf9cfc5966b082cf9a028302ed4184","hash":"a818a4182edb4c35d84c954a1b9967f087a8971a"}
,"/Users/sanchezjl/dev/phone-catalogue/src/components/PhonesListContainer/PhonesList/PhonesListItem/PhonesListItem.js": {"path":"/Users/sanchezjl/dev/phone-catalogue/src/components/PhonesListContainer/PhonesList/PhonesListItem/PhonesListItem.js","statementMap":{"0":{"start":{"line":8,"column":2},"end":{"line":23,"column":4}},"1":{"start":{"line":26,"column":0},"end":{"line":28,"column":2}}},"fnMap":{"0":{"name":"PhonesListItem","decl":{"start":{"line":7,"column":24},"end":{"line":7,"column":38}},"loc":{"start":{"line":7,"column":46},"end":{"line":24,"column":1}},"line":7}},"branchMap":{},"s":{"0":1,"1":2},"f":{"0":1},"b":{},"_coverageSchema":"43e27e138ebf9cfc5966b082cf9a028302ed4184","hash":"f6a31195a56621569c9837ac5c10119e1d002b26"}
,"/Users/sanchezjl/dev/phone-catalogue/src/components/Spinner/Spinner.js": {"path":"/Users/sanchezjl/dev/phone-catalogue/src/components/Spinner/Spinner.js","statementMap":{"0":{"start":{"line":4,"column":2},"end":{"line":8,"column":4}}},"fnMap":{"0":{"name":"Spinner","decl":{"start":{"line":3,"column":24},"end":{"line":3,"column":31}},"loc":{"start":{"line":3,"column":34},"end":{"line":9,"column":1}},"line":3}},"branchMap":{},"s":{"0":1},"f":{"0":1},"b":{},"_coverageSchema":"43e27e138ebf9cfc5966b082cf9a028302ed4184","hash":"c75891460364baf9f2b847eac3f90aaa6faf54f4"}
,"/Users/sanchezjl/dev/phone-catalogue/src/constants/manufacturers.js": {"path":"/Users/sanchezjl/dev/phone-catalogue/src/constants/manufacturers.js","statementMap":{"0":{"start":{"line":1,"column":29},"end":{"line":10,"column":1}}},"fnMap":{},"branchMap":{},"s":{"0":3},"f":{},"b":{},"_coverageSchema":"43e27e138ebf9cfc5966b082cf9a028302ed4184","hash":"006fc5ae56ef5cf6062415736e286e9b3042fb47"}
,"/Users/sanchezjl/dev/phone-catalogue/src/mocks/phones.mock.js": {"path":"/Users/sanchezjl/dev/phone-catalogue/src/mocks/phones.mock.js","statementMap":{"0":{"start":{"line":1,"column":26},"end":{"line":108,"column":1}}},"fnMap":{},"branchMap":{},"s":{"0":11},"f":{},"b":{},"_coverageSchema":"43e27e138ebf9cfc5966b082cf9a028302ed4184","hash":"1e1ee327127324bbc84a79242a079daac4c08b81"}
,"/Users/sanchezjl/dev/phone-catalogue/src/prop-types/phone.prop-type.js": {"path":"/Users/sanchezjl/dev/phone-catalogue/src/prop-types/phone.prop-type.js","statementMap":{"0":{"start":{"line":3,"column":29},"end":{"line":14,"column":1}}},"fnMap":{},"branchMap":{},"s":{"0":5},"f":{},"b":{},"_coverageSchema":"43e27e138ebf9cfc5966b082cf9a028302ed4184","hash":"c79e6b4c43c33023d9ff0c0b04dde87aa6d6afa5"}
,"/Users/sanchezjl/dev/phone-catalogue/src/state/actions/phones.actions.js": {"path":"/Users/sanchezjl/dev/phone-catalogue/src/state/actions/phones.actions.js","statementMap":{"0":{"start":{"line":7,"column":31},"end":{"line":7,"column":61}},"1":{"start":{"line":10,"column":2},"end":{"line":12,"column":4}},"2":{"start":{"line":16,"column":2},"end":{"line":19,"column":4}},"3":{"start":{"line":23,"column":2},"end":{"line":26,"column":4}},"4":{"start":{"line":29,"column":27},"end":{"line":35,"column":1}},"5":{"start":{"line":29,"column":33},"end":{"line":35,"column":1}},"6":{"start":{"line":30,"column":2},"end":{"line":30,"column":31}},"7":{"start":{"line":31,"column":2},"end":{"line":34,"column":57}},"8":{"start":{"line":32,"column":24},"end":{"line":32,"column":39}},"9":{"start":{"line":33,"column":24},"end":{"line":33,"column":58}},"10":{"start":{"line":34,"column":22},"end":{"line":34,"column":55}}},"fnMap":{"0":{"name":"fetchPhonesStart","decl":{"start":{"line":9,"column":16},"end":{"line":9,"column":32}},"loc":{"start":{"line":9,"column":35},"end":{"line":13,"column":1}},"line":9},"1":{"name":"fetchPhonesSuccess","decl":{"start":{"line":15,"column":16},"end":{"line":15,"column":34}},"loc":{"start":{"line":15,"column":44},"end":{"line":20,"column":1}},"line":15},"2":{"name":"fetchPhonesError","decl":{"start":{"line":22,"column":16},"end":{"line":22,"column":32}},"loc":{"start":{"line":22,"column":40},"end":{"line":27,"column":1}},"line":22},"3":{"name":"(anonymous_3)","decl":{"start":{"line":29,"column":27},"end":{"line":29,"column":28}},"loc":{"start":{"line":29,"column":33},"end":{"line":35,"column":1}},"line":29},"4":{"name":"(anonymous_4)","decl":{"start":{"line":29,"column":33},"end":{"line":29,"column":34}},"loc":{"start":{"line":29,"column":47},"end":{"line":35,"column":1}},"line":29},"5":{"name":"(anonymous_5)","decl":{"start":{"line":32,"column":10},"end":{"line":32,"column":11}},"loc":{"start":{"line":32,"column":24},"end":{"line":32,"column":39}},"line":32},"6":{"name":"(anonymous_6)","decl":{"start":{"line":33,"column":10},"end":{"line":33,"column":11}},"loc":{"start":{"line":33,"column":24},"end":{"line":33,"column":58}},"line":33},"7":{"name":"(anonymous_7)","decl":{"start":{"line":34,"column":11},"end":{"line":34,"column":12}},"loc":{"start":{"line":34,"column":22},"end":{"line":34,"column":55}},"line":34}},"branchMap":{},"s":{"0":2,"1":3,"2":2,"3":2,"4":2,"5":2,"6":2,"7":2,"8":1,"9":1,"10":1},"f":{"0":3,"1":2,"2":2,"3":2,"4":2,"5":1,"6":1,"7":1},"b":{},"_coverageSchema":"43e27e138ebf9cfc5966b082cf9a028302ed4184","hash":"ff197c8a3f22e4f10a5aa28439726c6582b3a5eb"}
,"/Users/sanchezjl/dev/phone-catalogue/src/state/actions/types.js": {"path":"/Users/sanchezjl/dev/phone-catalogue/src/state/actions/types.js","statementMap":{"0":{"start":{"line":1,"column":34},"end":{"line":1,"column":56}},"1":{"start":{"line":2,"column":36},"end":{"line":2,"column":60}},"2":{"start":{"line":3,"column":34},"end":{"line":3,"column":56}}},"fnMap":{},"branchMap":{},"s":{"0":3,"1":3,"2":3},"f":{},"b":{},"_coverageSchema":"43e27e138ebf9cfc5966b082cf9a028302ed4184","hash":"60ffabb63428845d1135dd8fd390578fddc3ee3f"}
,"/Users/sanchezjl/dev/phone-catalogue/src/state/reducers/phones.reducer.js": {"path":"/Users/sanchezjl/dev/phone-catalogue/src/state/reducers/phones.reducer.js","statementMap":{"0":{"start":{"line":7,"column":28},"end":{"line":11,"column":1}},"1":{"start":{"line":14,"column":2},"end":{"line":23,"column":3}},"2":{"start":{"line":16,"column":6},"end":{"line":16,"column":43}},"3":{"start":{"line":18,"column":6},"end":{"line":18,"column":68}},"4":{"start":{"line":20,"column":6},"end":{"line":20,"column":65}},"5":{"start":{"line":22,"column":6},"end":{"line":22,"column":19}}},"fnMap":{"0":{"name":"phonesReducer","decl":{"start":{"line":13,"column":16},"end":{"line":13,"column":29}},"loc":{"start":{"line":13,"column":60},"end":{"line":24,"column":1}},"line":13}},"branchMap":{"0":{"loc":{"start":{"line":13,"column":30},"end":{"line":13,"column":50}},"type":"default-arg","locations":[{"start":{"line":13,"column":38},"end":{"line":13,"column":50}}],"line":13},"1":{"loc":{"start":{"line":14,"column":2},"end":{"line":23,"column":3}},"type":"switch","locations":[{"start":{"line":15,"column":4},"end":{"line":16,"column":43}},{"start":{"line":17,"column":4},"end":{"line":18,"column":68}},{"start":{"line":19,"column":4},"end":{"line":20,"column":65}},{"start":{"line":21,"column":4},"end":{"line":22,"column":19}}],"line":14}},"s":{"0":2,"1":4,"2":1,"3":1,"4":1,"5":1},"f":{"0":4},"b":{"0":[4],"1":[1,1,1,1]},"_coverageSchema":"43e27e138ebf9cfc5966b082cf9a028302ed4184","hash":"3bcd15260963018b3035f0975b75fce3d0ea13cb"}
}
