TN:
SF:/Users/sanchezjl/dev/phone-catalogue/src/App.js
FN:15,(anonymous_0)
FN:18,(anonymous_1)
FN:22,App
FN:23,(anonymous_3)
FN:45,(anonymous_4)
FNF:5
FNH:1
FNDA:0,(anonymous_0)
FNDA:0,(anonymous_1)
FNDA:0,App
FNDA:0,(anonymous_3)
FNDA:1,(anonymous_4)
DA:15,1
DA:16,0
DA:18,1
DA:19,0
DA:23,0
DA:24,0
DA:27,0
DA:45,1
LF:8
LH:3
BRF:0
BRH:0
end_of_record
TN:
SF:/Users/sanchezjl/dev/phone-catalogue/src/components/Filters/Filters.js
FN:6,Filters
FNF:1
FNH:1
FNDA:2,Filters
DA:7,2
DA:14,2
LF:2
LH:2
BRF:0
BRH:0
end_of_record
TN:
SF:/Users/sanchezjl/dev/phone-catalogue/src/components/Filters/ManufacturerSelect/ManufacturerSelect.js
FN:6,ManufacturerSelect
FN:7,handleManufacturerChange
FN:18,(anonymous_2)
FNF:3
FNH:3
FNDA:2,ManufacturerSelect
FNDA:1,handleManufacturerChange
FNDA:16,(anonymous_2)
DA:8,1
DA:9,1
DA:12,2
DA:19,16
DA:27,3
LF:5
LH:5
BRF:0
BRH:0
end_of_record
TN:
SF:/Users/sanchezjl/dev/phone-catalogue/src/components/Header/Header.js
FN:3,Header
FNF:1
FNH:1
FNDA:1,Header
DA:4,1
LF:1
LH:1
BRF:0
BRH:0
end_of_record
TN:
SF:/Users/sanchezjl/dev/phone-catalogue/src/components/PhoneDetailsContainer/PhoneDetailsContainer.js
FN:7,PhoneDetailsContainer
FN:11,(anonymous_1)
FN:13,(anonymous_2)
FNF:3
FNH:3
FNDA:2,PhoneDetailsContainer
FNDA:2,(anonymous_1)
FNDA:10,(anonymous_2)
DA:8,2
DA:11,2
DA:13,10
LF:3
LH:3
BRDA:8,0,0,1
BRDA:8,0,1,1
BRF:2
BRH:2
end_of_record
TN:
SF:/Users/sanchezjl/dev/phone-catalogue/src/components/PhoneDetailsContainer/PhoneDetails/PhoneDetails.js
FN:11,PhoneDetails
FNF:1
FNH:1
FNDA:1,PhoneDetails
DA:12,1
DA:27,1
LF:2
LH:2
BRF:0
BRH:0
end_of_record
TN:
SF:/Users/sanchezjl/dev/phone-catalogue/src/components/PhoneDetailsContainer/PhoneDetails/PhoneGallery/PhoneGallery.js
FN:4,PhoneGallery
FN:7,(anonymous_1)
FNF:2
FNH:2
FNDA:1,PhoneGallery
FNDA:1,(anonymous_1)
DA:5,1
DA:8,1
DA:19,2
LF:3
LH:3
BRF:0
BRH:0
end_of_record
TN:
SF:/Users/sanchezjl/dev/phone-catalogue/src/components/PhoneDetailsContainer/PhoneDetails/PhoneInfo/PhoneInfo.js
FN:7,PhoneInfo
FNF:1
FNH:1
FNDA:1,PhoneInfo
DA:8,1
DA:26,2
LF:2
LH:2
BRF:0
BRH:0
end_of_record
TN:
SF:/Users/sanchezjl/dev/phone-catalogue/src/components/PhoneDetailsContainer/PhoneDetails/PhoneSpecs/PhoneSpecs.js
FN:7,PhoneSpecs
FNF:1
FNH:1
FNDA:1,PhoneSpecs
DA:8,1
DA:41,2
LF:2
LH:2
BRF:0
BRH:0
end_of_record
TN:
SF:/Users/sanchezjl/dev/phone-catalogue/src/components/PhonesListContainer/PhonesListContainer.js
FN:7,PhonesListContainer
FN:11,(anonymous_1)
FNF:2
FNH:2
FNDA:2,PhonesListContainer
FNDA:2,(anonymous_1)
DA:8,2
DA:11,2
LF:2
LH:2
BRDA:8,0,0,1
BRDA:8,0,1,1
BRF:2
BRH:2
end_of_record
TN:
SF:/Users/sanchezjl/dev/phone-catalogue/src/components/PhonesListContainer/PhonesList/PhonesList.js
FN:11,PhonesList
FN:14,handleFiltersChange
FN:19,(anonymous_2)
FN:27,(anonymous_3)
FNF:4
FNH:4
FNDA:5,PhonesList
FNDA:2,handleFiltersChange
FNDA:8,(anonymous_2)
FNDA:33,(anonymous_3)
DA:12,5
DA:15,2
DA:17,2
DA:19,8
DA:20,2
DA:23,5
DA:28,33
DA:37,1
LF:8
LH:8
BRDA:17,0,0,1
BRDA:17,0,1,1
BRF:2
BRH:2
end_of_record
TN:
SF:/Users/sanchezjl/dev/phone-catalogue/src/components/PhonesListContainer/PhonesList/PhonesListItem/PhonesListItem.js
FN:7,PhonesListItem
FNF:1
FNH:1
FNDA:1,PhonesListItem
DA:8,1
DA:26,2
LF:2
LH:2
BRF:0
BRH:0
end_of_record
TN:
SF:/Users/sanchezjl/dev/phone-catalogue/src/components/Spinner/Spinner.js
FN:3,Spinner
FNF:1
FNH:1
FNDA:1,Spinner
DA:4,1
LF:1
LH:1
BRF:0
BRH:0
end_of_record
TN:
SF:/Users/sanchezjl/dev/phone-catalogue/src/constants/manufacturers.js
FNF:0
FNH:0
DA:1,3
LF:1
LH:1
BRF:0
BRH:0
end_of_record
TN:
SF:/Users/sanchezjl/dev/phone-catalogue/src/mocks/phones.mock.js
FNF:0
FNH:0
DA:1,11
LF:1
LH:1
BRF:0
BRH:0
end_of_record
TN:
SF:/Users/sanchezjl/dev/phone-catalogue/src/prop-types/phone.prop-type.js
FNF:0
FNH:0
DA:3,5
LF:1
LH:1
BRF:0
BRH:0
end_of_record
TN:
SF:/Users/sanchezjl/dev/phone-catalogue/src/state/actions/phones.actions.js
FN:9,fetchPhonesStart
FN:15,fetchPhonesSuccess
FN:22,fetchPhonesError
FN:29,(anonymous_3)
FN:29,(anonymous_4)
FN:32,(anonymous_5)
FN:33,(anonymous_6)
FN:34,(anonymous_7)
FNF:8
FNH:8
FNDA:3,fetchPhonesStart
FNDA:2,fetchPhonesSuccess
FNDA:2,fetchPhonesError
FNDA:2,(anonymous_3)
FNDA:2,(anonymous_4)
FNDA:1,(anonymous_5)
FNDA:1,(anonymous_6)
FNDA:1,(anonymous_7)
DA:7,2
DA:10,3
DA:16,2
DA:23,2
DA:29,2
DA:30,2
DA:31,2
DA:32,1
DA:33,1
DA:34,1
LF:10
LH:10
BRF:0
BRH:0
end_of_record
TN:
SF:/Users/sanchezjl/dev/phone-catalogue/src/state/actions/types.js
FNF:0
FNH:0
DA:1,3
DA:2,3
DA:3,3
LF:3
LH:3
BRF:0
BRH:0
end_of_record
TN:
SF:/Users/sanchezjl/dev/phone-catalogue/src/state/reducers/phones.reducer.js
FN:13,phonesReducer
FNF:1
FNH:1
FNDA:4,phonesReducer
DA:7,2
DA:14,4
DA:16,1
DA:18,1
DA:20,1
DA:22,1
LF:6
LH:6
BRDA:13,0,0,4
BRDA:14,1,0,1
BRDA:14,1,1,1
BRDA:14,1,2,1
BRDA:14,1,3,1
BRF:5
BRH:5
end_of_record
